\BOOKMARK [1][-]{section.1}{\376\377\004\020\004\075\004\075\004\076\004\102\004\060\004\106\004\070\004\117}{}% 1
\BOOKMARK [1][-]{section.2}{\376\377\004\022\004\062\004\065\004\064\004\065\004\075\004\070\004\065}{}% 2
\BOOKMARK [2][-]{subsection.2.1}{\376\377\004\020\004\072\004\102\004\103\004\060\004\073\004\114\004\075\004\076\004\101\004\102\004\114}{section.2}% 3
\BOOKMARK [2][-]{subsection.2.2}{\376\377\004\037\004\100\004\076\004\061\004\073\004\065\004\074\004\060}{section.2}% 4
\BOOKMARK [2][-]{subsection.2.3}{\376\377\004\046\004\065\004\073\004\114\000\040\004\100\004\060\004\061\004\076\004\102\004\113}{section.2}% 5
\BOOKMARK [2][-]{subsection.2.4}{\376\377\004\027\004\060\004\064\004\060\004\107\004\070}{section.2}% 6
\BOOKMARK [2][-]{subsection.2.5}{\376\377\004\037\004\100\004\065\004\064\004\070\004\101\004\073\004\076\004\062\004\070\004\065}{section.2}% 7
\BOOKMARK [1][-]{section.3}{\376\377\004\047\004\065\004\074\000\040\004\076\004\102\004\073\004\070\004\107\004\060\004\116\004\102\004\101\004\117\000\040\004\060\004\064\004\100\004\065\004\101\004\075\004\113\004\065\000\040\004\073\004\065\004\075\004\102\004\113\000\040\004\076\004\102\000\040\004\076\004\061\004\113\004\107\004\075\004\113\004\105\000?}{}% 8
\BOOKMARK [2][-]{subsection.3.1}{\376\377\004\036\004\061\004\113\004\107\004\075\004\060\004\117\000\040\004\101\004\062\004\065\004\102\004\076\004\064\004\070\004\076\004\064\004\075\004\060\004\117\000\040\004\073\004\065\004\075\004\102\004\060}{section.3}% 9
\BOOKMARK [2][-]{subsection.3.2}{\376\377\000R\000G\000B\000\040\004\101\004\062\004\065\004\102\004\076\004\064\004\070\004\076\004\064\004\075\004\060\004\117\000\040\004\073\004\065\004\075\004\102\004\060}{section.3}% 10
\BOOKMARK [2][-]{subsection.3.3}{\376\377\004\020\004\064\004\100\004\065\004\101\004\075\004\060\004\117\000\040\004\101\004\062\004\065\004\102\004\076\004\064\004\070\004\076\004\064\004\075\004\060\004\117\000\040\004\073\004\065\004\075\004\102\004\060}{section.3}% 11
\BOOKMARK [1][-]{section.4}{\376\377\004\032\004\060\004\072\000\040\004\062\004\113\004\061\004\100\004\060\004\102\004\114\000\040\004\061\004\073\004\076\004\072\000\040\004\077\004\070\004\102\004\060\004\075\004\070\004\117\000?}{}% 12
\BOOKMARK [2][-]{subsection.4.1}{\376\377\004\040\004\060\004\061\004\076\004\107\004\065\004\065\000\040\004\075\004\060\004\077\004\100\004\117\004\066\004\065\004\075\004\070\004\065\000\040\000\050\000U\000\051}{section.4}% 13
\BOOKMARK [2][-]{subsection.4.2}{\376\377\004\034\004\076\004\111\004\075\004\076\004\101\004\102\004\114\000\040\004\101\004\062\004\065\004\102\004\076\004\064\004\070\004\076\004\064\004\075\004\076\004\071\000\040\004\073\004\065\004\075\004\102\004\113\000\040\000\050\000P\000\051}{section.4}% 14
\BOOKMARK [2][-]{subsection.4.3}{\376\377\004\041\004\102\004\065\004\077\004\065\004\075\004\114\000\040\004\067\004\060\004\111\004\070\004\102\004\113\000\040\004\072\004\076\004\100\004\077\004\103\004\101\004\060\000\040\004\061\004\073\004\076\004\072\004\060\000\040\004\077\004\070\004\102\004\060\004\075\004\070\004\117\000\040\004\076\004\102\000\040\004\077\004\100\004\076\004\075\004\070\004\072\004\075\004\076\004\062\004\065\004\075\004\070\004\117\000\040\004\066\004\070\004\064\004\072\004\076\004\101\004\102\004\070\000\040\004\070\000\040\004\077\004\113\004\073\004\070\000\040\000\050\004\072\004\073\004\060\004\101\004\101\000\040\004\067\004\060\004\111\004\070\004\102\004\113\000\040\000I\000P\000\051}{section.4}% 15
\BOOKMARK [2][-]{subsection.4.4}{\376\377\004\023\004\060\004\061\004\060\004\100\004\070\004\102\004\075\004\113\004\065\000\040\004\100\004\060\004\067\004\074\004\065\004\100\004\113}{section.4}% 16
\BOOKMARK [1][-]{section.5}{\376\377\004\032\004\060\004\072\000\040\004\101\004\076\004\065\004\064\004\070\004\075\004\070\004\102\004\114\000\040\004\072\004\103\004\101\004\072\004\070\000\040\004\073\004\065\004\075\004\102\004\113\000?}{}% 17
\BOOKMARK [1][-]{section.6}{\376\377\004\034\004\070\004\072\004\100\004\076\004\072\004\076\004\075\004\102\004\100\004\076\004\073\004\073\004\065\004\100}{}% 18
\BOOKMARK [2][-]{subsection.6.1}{\376\377\004\037\004\100\004\076\004\106\004\065\004\101\004\101\004\076\004\100}{section.6}% 19
\BOOKMARK [3][-]{subsubsection.6.1.1}{\376\377\004\042\004\060\004\072\004\102\004\070\004\100\004\076\004\062\004\060\004\075\004\070\004\065}{subsection.6.1}% 20
\BOOKMARK [3][-]{subsubsection.6.1.2}{\376\377\004\035\004\060\004\077\004\100\004\117\004\066\004\065\004\075\004\070\004\065\000,\000\040\004\077\004\065\004\100\004\065\004\067\004\060\004\063\004\100\004\103\004\067\004\072\004\060\000\040\004\070\000\040\004\077\004\100\004\076\004\063\004\100\004\060\004\074\004\074\004\060\004\102\004\076\004\100}{subsection.6.1}% 21
\BOOKMARK [2][-]{subsection.6.2}{\376\377\000W\000i\000F\000i\000\040\004\074\004\076\004\064\004\103\004\073\004\114}{section.6}% 22
\BOOKMARK [3][-]{subsubsection.6.2.1}{\376\377\004\037\004\073\004\060\004\102\004\060\000\040\004\077\004\076\004\075\004\070\004\066\004\065\004\075\004\070\004\117\000\040\004\075\004\060\004\077\004\100\004\117\004\066\004\065\004\075\004\070\004\117}{subsection.6.2}% 23
\BOOKMARK [3][-]{subsubsection.6.2.2}{\376\377\004\032\004\075\004\076\004\077\004\072\004\070\000\040\000P\000R\000O\000G\000\040\004\070\000\040\000E\000S\000P\000\137\000R\000S\000T}{subsection.6.2}% 24
\BOOKMARK [3][-]{subsubsection.6.2.3}{\376\377\004\040\004\060\004\067\004\062\004\076\004\064\004\072\004\060\000\040\000E\000S\000P\0008\0002\0006\0006\000-\0000\0001}{subsection.6.2}% 25
\BOOKMARK [2][-]{subsection.6.3}{\376\377\004\040\004\060\004\064\004\070\004\076\000\040\004\074\004\076\004\064\004\103\004\073\004\114}{section.6}% 26
\BOOKMARK [2][-]{subsection.6.4}{\376\377\004\037\004\073\004\060\004\102\004\060\000\040\004\100\004\060\004\101\004\110\004\070\004\100\004\065\004\075\004\070\004\117\000\050\000S\000R\000A\000M\000\051}{section.6}% 27
\BOOKMARK [2][-]{subsection.6.5}{\376\377\004\022\004\113\004\062\004\076\004\064\000\040\004\064\004\073\004\117\000\040\004\073\004\065\004\075\004\102\004\113}{section.6}% 28
